[16:45:56] [main/INFO]: Loaded 0 recipes
[16:45:56] [Server thread/INFO]: Starting minecraft server version 1.13.2
[16:45:56] [Server thread/INFO]: Loading properties
[16:45:56] [Server thread/INFO]: Default game type: CREATIVE
[16:45:57] [Server thread/INFO]: This server is running CraftBukkit version git-Spigot-e4d0c66-f3f2fe5 (MC: 1.13.2) (Implementing API version 1.13.2-R0.1-SNAPSHOT)
[16:45:58] [Server thread/INFO]: Debug logging is disabled
[16:45:58] [Server thread/INFO]: Server Ping Player Sample Count: 12
[16:45:58] [Server thread/INFO]: Using 4 threads for Netty based IO
[16:45:58] [Server thread/INFO]: Generating keypair
[16:45:59] [Server thread/INFO]: Starting Minecraft server on *:25565
[16:45:59] [Server thread/INFO]: Using default channel type
[16:46:09] [Server thread/INFO]: Set PluginClassLoader as parallel capable
[16:46:09] [Server thread/INFO]: [scriptcraft] Loading scriptcraft v3.3.0-2017-10-15
[16:46:09] [Server thread/WARN]: **** SERVER IS RUNNING IN OFFLINE/INSECURE MODE!
[16:46:09] [Server thread/WARN]: The server will make no attempt to authenticate usernames. Beware.
[16:46:09] [Server thread/WARN]: While this makes the game possible to play without internet access, it also opens up the ability for hackers to connect with any username they choose.
[16:46:09] [Server thread/WARN]: To change this, set "online-mode" to "true" in the server.properties file.
[16:46:09] [Server thread/INFO]: **** Beginning UUID conversion, this may take A LONG time ****
[16:46:09] [Server thread/INFO]: Preparing level "world"
[16:46:09] [Server thread/INFO]: Reloading ResourceManager: Default, bukkit
[16:46:12] [Server thread/INFO]: Loaded 524 recipes
[16:46:15] [Server thread/INFO]: -------- World Settings For [world] --------
[16:46:15] [Server thread/INFO]: Experience Merge Radius: 3.0
[16:46:15] [Server thread/INFO]: Arrow Despawn Rate: 1200
[16:46:15] [Server thread/INFO]: View Distance: 10
[16:46:15] [Server thread/INFO]: Allow Zombie Pigmen to spawn from portal blocks: true
[16:46:15] [Server thread/INFO]: Item Despawn Rate: 6000
[16:46:15] [Server thread/INFO]: Item Merge Radius: 2.5
[16:46:15] [Server thread/INFO]: Mob Spawn Range: 6
[16:46:15] [Server thread/INFO]: Cactus Growth Modifier: 100%
[16:46:15] [Server thread/INFO]: Cane Growth Modifier: 100%
[16:46:15] [Server thread/INFO]: Melon Growth Modifier: 100%
[16:46:15] [Server thread/INFO]: Mushroom Growth Modifier: 100%
[16:46:15] [Server thread/INFO]: Pumpkin Growth Modifier: 100%
[16:46:15] [Server thread/INFO]: Sapling Growth Modifier: 100%
[16:46:15] [Server thread/INFO]: Wheat Growth Modifier: 100%
[16:46:15] [Server thread/INFO]: NetherWart Growth Modifier: 100%
[16:46:15] [Server thread/INFO]: Vine Growth Modifier: 100%
[16:46:15] [Server thread/INFO]: Cocoa Growth Modifier: 100%
[16:46:15] [Server thread/INFO]: Entity Activation Range: An 32 / Mo 32 / Mi 16 / Tiv true
[16:46:15] [Server thread/INFO]: Entity Tracking Range: Pl 48 / An 48 / Mo 48 / Mi 32 / Other 64
[16:46:15] [Server thread/INFO]: Hopper Transfer: 8 Hopper Check: 1 Hopper Amount: 1
[16:46:15] [Server thread/INFO]: Random Lighting Updates: false
[16:46:15] [Server thread/INFO]: Max TNT Explosions: 100
[16:46:15] [Server thread/INFO]: Tile Max Tick Time: 50ms Entity max Tick Time: 50ms
[16:46:15] [Server thread/INFO]: Zombie Aggressive Towards Villager: true
[16:46:15] [Server thread/INFO]: Nerfing mobs spawned from spawners: false
[16:46:15] [Server thread/INFO]: Custom Map Seeds:  Village: 10387312 Desert: 14357617 Igloo: 14357618 Jungle: 14357619 Swamp: 14357620 Monument: 10387313Ocean: 14357621 Shipwreck: 165745295 Slime: 987234911
[16:46:16] [Server thread/INFO]: -------- World Settings For [world_the_end] --------
[16:46:16] [Server thread/INFO]: Experience Merge Radius: 3.0
[16:46:16] [Server thread/INFO]: Arrow Despawn Rate: 1200
[16:46:16] [Server thread/INFO]: View Distance: 10
[16:46:16] [Server thread/INFO]: Allow Zombie Pigmen to spawn from portal blocks: true
[16:46:16] [Server thread/INFO]: Item Despawn Rate: 6000
[16:46:16] [Server thread/INFO]: Item Merge Radius: 2.5
[16:46:16] [Server thread/INFO]: Mob Spawn Range: 6
[16:46:16] [Server thread/INFO]: Cactus Growth Modifier: 100%
[16:46:16] [Server thread/INFO]: Cane Growth Modifier: 100%
[16:46:16] [Server thread/INFO]: Melon Growth Modifier: 100%
[16:46:16] [Server thread/INFO]: Mushroom Growth Modifier: 100%
[16:46:16] [Server thread/INFO]: Pumpkin Growth Modifier: 100%
[16:46:16] [Server thread/INFO]: Sapling Growth Modifier: 100%
[16:46:16] [Server thread/INFO]: Wheat Growth Modifier: 100%
[16:46:16] [Server thread/INFO]: NetherWart Growth Modifier: 100%
[16:46:16] [Server thread/INFO]: Vine Growth Modifier: 100%
[16:46:16] [Server thread/INFO]: Cocoa Growth Modifier: 100%
[16:46:16] [Server thread/INFO]: Entity Activation Range: An 32 / Mo 32 / Mi 16 / Tiv true
[16:46:16] [Server thread/INFO]: Entity Tracking Range: Pl 48 / An 48 / Mo 48 / Mi 32 / Other 64
[16:46:16] [Server thread/INFO]: Hopper Transfer: 8 Hopper Check: 1 Hopper Amount: 1
[16:46:16] [Server thread/INFO]: Random Lighting Updates: false
[16:46:16] [Server thread/INFO]: Max TNT Explosions: 100
[16:46:16] [Server thread/INFO]: Tile Max Tick Time: 50ms Entity max Tick Time: 50ms
[16:46:16] [Server thread/INFO]: Zombie Aggressive Towards Villager: true
[16:46:16] [Server thread/INFO]: Nerfing mobs spawned from spawners: false
[16:46:16] [Server thread/INFO]: Custom Map Seeds:  Village: 10387312 Desert: 14357617 Igloo: 14357618 Jungle: 14357619 Swamp: 14357620 Monument: 10387313Ocean: 14357621 Shipwreck: 165745295 Slime: 987234911
[16:46:16] [Server thread/INFO]: Preparing start region for level minecraft:the_end (Seed: -2813244069009962551)
[16:46:16] [Server thread/INFO]: Preparing spawn area: 4%
[16:46:16] [Server thread/INFO]: Preparing spawn area: 8%
[16:46:16] [Server thread/INFO]: Preparing spawn area: 12%
[16:46:16] [Server thread/INFO]: Preparing spawn area: 16%
[16:46:16] [Server thread/INFO]: Preparing spawn area: 20%
[16:46:16] [Server thread/INFO]: Preparing spawn area: 24%
[16:46:16] [Server thread/INFO]: Preparing spawn area: 28%
[16:46:17] [Server thread/INFO]: Preparing spawn area: 32%
[16:46:17] [Server thread/INFO]: Preparing spawn area: 36%
[16:46:17] [Server thread/INFO]: Preparing spawn area: 40%
[16:46:17] [Server thread/INFO]: Preparing spawn area: 44%
[16:46:17] [Server thread/INFO]: Preparing spawn area: 48%
[16:46:17] [Server thread/INFO]: Preparing spawn area: 52%
[16:46:17] [Server thread/INFO]: Preparing spawn area: 56%
[16:46:17] [Server thread/INFO]: Preparing spawn area: 60%
[16:46:17] [Server thread/INFO]: Preparing spawn area: 64%
[16:46:17] [Server thread/INFO]: Preparing spawn area: 68%
[16:46:18] [Server thread/INFO]: Preparing spawn area: 72%
[16:46:18] [Server thread/INFO]: Preparing spawn area: 76%
[16:46:18] [Server thread/INFO]: Preparing spawn area: 80%
[16:46:18] [Server thread/INFO]: Preparing spawn area: 84%
[16:46:18] [Server thread/INFO]: Preparing spawn area: 88%
[16:46:18] [Server thread/INFO]: Preparing spawn area: 92%
[16:46:18] [Server thread/INFO]: Preparing spawn area: 96%
[16:46:18] [Server thread/INFO]: Preparing spawn area: 100%
[16:46:18] [Server thread/INFO]: Preparing start region for level minecraft:overworld (Seed: -2813244069009962551)
[16:46:32] [Server thread/INFO]: Preparing spawn area: 4%
[16:46:34] [Server thread/INFO]: Preparing spawn area: 8%
[16:46:37] [Server thread/INFO]: Preparing spawn area: 12%
[16:46:38] [Server thread/INFO]: Preparing spawn area: 16%
[16:46:39] [Server thread/INFO]: Preparing spawn area: 20%
[16:46:40] [Server thread/INFO]: Preparing spawn area: 24%
[16:46:41] [Server thread/INFO]: Preparing spawn area: 28%
[16:46:42] [Server thread/INFO]: Preparing spawn area: 32%
[16:46:43] [Server thread/INFO]: Preparing spawn area: 36%
[16:46:44] [Server thread/INFO]: Preparing spawn area: 40%
[16:46:45] [Server thread/INFO]: Preparing spawn area: 44%
[16:46:46] [Server thread/INFO]: Preparing spawn area: 48%
[16:46:46] [Server thread/INFO]: Preparing spawn area: 52%
[16:46:47] [Server thread/INFO]: Preparing spawn area: 56%
[16:46:48] [Server thread/INFO]: Preparing spawn area: 60%
[16:46:49] [Server thread/INFO]: Preparing spawn area: 64%
[16:46:49] [Server thread/INFO]: Preparing spawn area: 68%
[16:46:50] [Server thread/INFO]: Preparing spawn area: 72%
[16:46:50] [Server thread/INFO]: Preparing spawn area: 76%
[16:46:50] [Server thread/INFO]: Preparing spawn area: 80%
[16:46:51] [Server thread/INFO]: Preparing spawn area: 84%
[16:46:51] [Server thread/INFO]: Preparing spawn area: 88%
[16:46:52] [Server thread/INFO]: Preparing spawn area: 92%
[16:46:52] [Server thread/INFO]: Preparing spawn area: 96%
[16:46:53] [Server thread/INFO]: Preparing spawn area: 100%
[16:46:53] [Server thread/INFO]: Time elapsed: 36640 ms
[16:46:53] [Server thread/INFO]: [scriptcraft] Enabling scriptcraft v3.3.0-2017-10-15
[16:46:53] [Server thread/INFO]: [scriptcraft] Directory C:\Users\PC\Disk Google\SW Projekty\Minecraft server\NEW\ESPCraft\Spigot-1.13.2-#80\scriptcraft does not exist.
[16:46:53] [Server thread/INFO]: [scriptcraft] Initializing C:\Users\PC\Disk Google\SW Projekty\Minecraft server\NEW\ESPCraft\Spigot-1.13.2-#80\scriptcraft directory with contents from plugin archive.
[16:46:53] [Server thread/INFO]: [scriptcraft] Unzipping C:\Users\PC\Disk Google\SW Projekty\Minecraft server\NEW\ESPCraft\Spigot-1.13.2-#80\scriptcraft\lib\command.js (NE)
[16:46:54] [Server thread/INFO]: [scriptcraft] Unzipping C:\Users\PC\Disk Google\SW Projekty\Minecraft server\NEW\ESPCraft\Spigot-1.13.2-#80\scriptcraft\lib\console.js (NE)
[16:46:54] [Server thread/INFO]: [scriptcraft] Unzipping C:\Users\PC\Disk Google\SW Projekty\Minecraft server\NEW\ESPCraft\Spigot-1.13.2-#80\scriptcraft\lib\events-bukkit.js (NE)
[16:46:54] [Server thread/INFO]: [scriptcraft] Unzipping C:\Users\PC\Disk Google\SW Projekty\Minecraft server\NEW\ESPCraft\Spigot-1.13.2-#80\scriptcraft\lib\events-canary.js (NE)
[16:46:54] [Server thread/INFO]: [scriptcraft] Unzipping C:\Users\PC\Disk Google\SW Projekty\Minecraft server\NEW\ESPCraft\Spigot-1.13.2-#80\scriptcraft\lib\events-helper-bukkit.js (NE)
[16:46:55] [Server thread/INFO]: [scriptcraft] Unzipping C:\Users\PC\Disk Google\SW Projekty\Minecraft server\NEW\ESPCraft\Spigot-1.13.2-#80\scriptcraft\lib\events-helper-canary.js (NE)
[16:46:55] [Server thread/INFO]: [scriptcraft] Unzipping C:\Users\PC\Disk Google\SW Projekty\Minecraft server\NEW\ESPCraft\Spigot-1.13.2-#80\scriptcraft\lib\events.js (NE)
[16:46:55] [Server thread/INFO]: [scriptcraft] Unzipping C:\Users\PC\Disk Google\SW Projekty\Minecraft server\NEW\ESPCraft\Spigot-1.13.2-#80\scriptcraft\lib\find.js (NE)
[16:46:55] [Server thread/INFO]: [scriptcraft] Unzipping C:\Users\PC\Disk Google\SW Projekty\Minecraft server\NEW\ESPCraft\Spigot-1.13.2-#80\scriptcraft\lib\java-utils.js (NE)
[16:46:55] [Server thread/INFO]: [scriptcraft] Unzipping C:\Users\PC\Disk Google\SW Projekty\Minecraft server\NEW\ESPCraft\Spigot-1.13.2-#80\scriptcraft\lib\js-patch.js (NE)
[16:46:55] [Server thread/INFO]: [scriptcraft] Unzipping C:\Users\PC\Disk Google\SW Projekty\Minecraft server\NEW\ESPCraft\Spigot-1.13.2-#80\scriptcraft\lib\json2.js (NE)
[16:46:55] [Server thread/INFO]: [scriptcraft] Unzipping C:\Users\PC\Disk Google\SW Projekty\Minecraft server\NEW\ESPCraft\Spigot-1.13.2-#80\scriptcraft\lib\legacy-check.js (NE)
[16:46:55] [Server thread/INFO]: [scriptcraft] Unzipping C:\Users\PC\Disk Google\SW Projekty\Minecraft server\NEW\ESPCraft\Spigot-1.13.2-#80\scriptcraft\lib\nashorn-type.js (NE)
[16:46:55] [Server thread/INFO]: [scriptcraft] Unzipping C:\Users\PC\Disk Google\SW Projekty\Minecraft server\NEW\ESPCraft\Spigot-1.13.2-#80\scriptcraft\lib\persistence.js (NE)
[16:46:55] [Server thread/INFO]: [scriptcraft] Unzipping C:\Users\PC\Disk Google\SW Projekty\Minecraft server\NEW\ESPCraft\Spigot-1.13.2-#80\scriptcraft\lib\plugin.js (NE)
[16:46:55] [Server thread/INFO]: [scriptcraft] Unzipping C:\Users\PC\Disk Google\SW Projekty\Minecraft server\NEW\ESPCraft\Spigot-1.13.2-#80\scriptcraft\lib\readme.md (NE)
[16:46:55] [Server thread/INFO]: [scriptcraft] Unzipping C:\Users\PC\Disk Google\SW Projekty\Minecraft server\NEW\ESPCraft\Spigot-1.13.2-#80\scriptcraft\lib\require.js (NE)
[16:46:55] [Server thread/INFO]: [scriptcraft] Unzipping C:\Users\PC\Disk Google\SW Projekty\Minecraft server\NEW\ESPCraft\Spigot-1.13.2-#80\scriptcraft\lib\scriptcraft.js (NE)
[16:46:55] [Server thread/INFO]: [scriptcraft] Unzipping C:\Users\PC\Disk Google\SW Projekty\Minecraft server\NEW\ESPCraft\Spigot-1.13.2-#80\scriptcraft\lib\tabcomplete-jsp.js (NE)
[16:46:56] [Server thread/INFO]: [scriptcraft] Unzipping C:\Users\PC\Disk Google\SW Projekty\Minecraft server\NEW\ESPCraft\Spigot-1.13.2-#80\scriptcraft\lib\tabcomplete.js (NE)
[16:46:56] [Server thread/INFO]: [scriptcraft] Unzipping C:\Users\PC\Disk Google\SW Projekty\Minecraft server\NEW\ESPCraft\Spigot-1.13.2-#80\scriptcraft\lib\task-bukkit.js (NE)
[16:46:56] [Server thread/INFO]: [scriptcraft] Unzipping C:\Users\PC\Disk Google\SW Projekty\Minecraft server\NEW\ESPCraft\Spigot-1.13.2-#80\scriptcraft\lib\task-canary.js (NE)
[16:46:56] [Server thread/INFO]: [scriptcraft] Unzipping C:\Users\PC\Disk Google\SW Projekty\Minecraft server\NEW\ESPCraft\Spigot-1.13.2-#80\scriptcraft\readme.md (NE)
[16:46:56] [Server thread/INFO]: [scriptcraft] Unzipping C:\Users\PC\Disk Google\SW Projekty\Minecraft server\NEW\ESPCraft\Spigot-1.13.2-#80\scriptcraft\plugins\alias\alias.js (NE)
[16:46:56] [Server thread/INFO]: [scriptcraft] Unzipping C:\Users\PC\Disk Google\SW Projekty\Minecraft server\NEW\ESPCraft\Spigot-1.13.2-#80\scriptcraft\plugins\arrows.js (NE)
[16:46:56] [Server thread/INFO]: [scriptcraft] Unzipping C:\Users\PC\Disk Google\SW Projekty\Minecraft server\NEW\ESPCraft\Spigot-1.13.2-#80\scriptcraft\plugins\at.js (NE)
[16:46:56] [Server thread/INFO]: [scriptcraft] Unzipping C:\Users\PC\Disk Google\SW Projekty\Minecraft server\NEW\ESPCraft\Spigot-1.13.2-#80\scriptcraft\plugins\classroom.js (NE)
[16:46:56] [Server thread/INFO]: [scriptcraft] Unzipping C:\Users\PC\Disk Google\SW Projekty\Minecraft server\NEW\ESPCraft\Spigot-1.13.2-#80\scriptcraft\plugins\commando\commando-test.js (NE)
[16:46:56] [Server thread/INFO]: [scriptcraft] Unzipping C:\Users\PC\Disk Google\SW Projekty\Minecraft server\NEW\ESPCraft\Spigot-1.13.2-#80\scriptcraft\plugins\commando\commando.js (NE)
[16:46:56] [Server thread/INFO]: [scriptcraft] Unzipping C:\Users\PC\Disk Google\SW Projekty\Minecraft server\NEW\ESPCraft\Spigot-1.13.2-#80\scriptcraft\plugins\drone\contrib\castle.js (NE)
[16:46:56] [Server thread/INFO]: [scriptcraft] Unzipping C:\Users\PC\Disk Google\SW Projekty\Minecraft server\NEW\ESPCraft\Spigot-1.13.2-#80\scriptcraft\plugins\drone\contrib\chessboard.js (NE)
[16:46:56] [Server thread/INFO]: [scriptcraft] Unzipping C:\Users\PC\Disk Google\SW Projekty\Minecraft server\NEW\ESPCraft\Spigot-1.13.2-#80\scriptcraft\plugins\drone\contrib\cottage.js (NE)
[16:46:56] [Server thread/INFO]: [scriptcraft] Unzipping C:\Users\PC\Disk Google\SW Projekty\Minecraft server\NEW\ESPCraft\Spigot-1.13.2-#80\scriptcraft\plugins\drone\contrib\dancefloor.js (NE)
[16:46:56] [Server thread/INFO]: [scriptcraft] Unzipping C:\Users\PC\Disk Google\SW Projekty\Minecraft server\NEW\ESPCraft\Spigot-1.13.2-#80\scriptcraft\plugins\drone\contrib\fort.js (NE)
[16:46:56] [Server thread/INFO]: [scriptcraft] Unzipping C:\Users\PC\Disk Google\SW Projekty\Minecraft server\NEW\ESPCraft\Spigot-1.13.2-#80\scriptcraft\plugins\drone\contrib\hangtorch.js (NE)
[16:46:56] [Server thread/INFO]: [scriptcraft] Unzipping C:\Users\PC\Disk Google\SW Projekty\Minecraft server\NEW\ESPCraft\Spigot-1.13.2-#80\scriptcraft\plugins\drone\contrib\lcd-clock.js (NE)
[16:46:56] [Server thread/INFO]: [scriptcraft] Unzipping C:\Users\PC\Disk Google\SW Projekty\Minecraft server\NEW\ESPCraft\Spigot-1.13.2-#80\scriptcraft\plugins\drone\contrib\logo.js (NE)
[16:46:56] [Server thread/INFO]: [scriptcraft] Unzipping C:\Users\PC\Disk Google\SW Projekty\Minecraft server\NEW\ESPCraft\Spigot-1.13.2-#80\scriptcraft\plugins\drone\contrib\mazegen.js (NE)
[16:46:56] [Server thread/INFO]: [scriptcraft] Unzipping C:\Users\PC\Disk Google\SW Projekty\Minecraft server\NEW\ESPCraft\Spigot-1.13.2-#80\scriptcraft\plugins\drone\contrib\rainbow.js (NE)
[16:46:56] [Server thread/INFO]: [scriptcraft] Unzipping C:\Users\PC\Disk Google\SW Projekty\Minecraft server\NEW\ESPCraft\Spigot-1.13.2-#80\scriptcraft\plugins\drone\contrib\redstonewire.js (NE)
[16:46:56] [Server thread/INFO]: [scriptcraft] Unzipping C:\Users\PC\Disk Google\SW Projekty\Minecraft server\NEW\ESPCraft\Spigot-1.13.2-#80\scriptcraft\plugins\drone\contrib\spawn.js (NE)
[16:46:56] [Server thread/INFO]: [scriptcraft] Unzipping C:\Users\PC\Disk Google\SW Projekty\Minecraft server\NEW\ESPCraft\Spigot-1.13.2-#80\scriptcraft\plugins\drone\contrib\spiral_stairs.js (NE)
[16:46:56] [Server thread/INFO]: [scriptcraft] Unzipping C:\Users\PC\Disk Google\SW Projekty\Minecraft server\NEW\ESPCraft\Spigot-1.13.2-#80\scriptcraft\plugins\drone\contrib\temple.js (NE)
[16:46:56] [Server thread/INFO]: [scriptcraft] Unzipping C:\Users\PC\Disk Google\SW Projekty\Minecraft server\NEW\ESPCraft\Spigot-1.13.2-#80\scriptcraft\plugins\drone\drone.js (NE)
[16:46:56] [Server thread/INFO]: [scriptcraft] Unzipping C:\Users\PC\Disk Google\SW Projekty\Minecraft server\NEW\ESPCraft\Spigot-1.13.2-#80\scriptcraft\plugins\entities.js (NE)
[16:46:56] [Server thread/INFO]: [scriptcraft] Unzipping C:\Users\PC\Disk Google\SW Projekty\Minecraft server\NEW\ESPCraft\Spigot-1.13.2-#80\scriptcraft\plugins\examples\example-1-hello-module.js (NE)
[16:46:56] [Server thread/INFO]: [scriptcraft] Unzipping C:\Users\PC\Disk Google\SW Projekty\Minecraft server\NEW\ESPCraft\Spigot-1.13.2-#80\scriptcraft\plugins\examples\example-2-hello-command.js (NE)
[16:46:56] [Server thread/INFO]: [scriptcraft] Unzipping C:\Users\PC\Disk Google\SW Projekty\Minecraft server\NEW\ESPCraft\Spigot-1.13.2-#80\scriptcraft\plugins\examples\example-3-hello-ops-only.js (NE)
[16:46:56] [Server thread/INFO]: [scriptcraft] Unzipping C:\Users\PC\Disk Google\SW Projekty\Minecraft server\NEW\ESPCraft\Spigot-1.13.2-#80\scriptcraft\plugins\examples\example-4-hello-parameters.js (NE)
[16:46:56] [Server thread/INFO]: [scriptcraft] Unzipping C:\Users\PC\Disk Google\SW Projekty\Minecraft server\NEW\ESPCraft\Spigot-1.13.2-#80\scriptcraft\plugins\examples\example-5-hello-using-module.js (NE)
[16:46:56] [Server thread/INFO]: [scriptcraft] Unzipping C:\Users\PC\Disk Google\SW Projekty\Minecraft server\NEW\ESPCraft\Spigot-1.13.2-#80\scriptcraft\plugins\examples\example-6-hello-player.js (NE)
[16:46:57] [Server thread/INFO]: [scriptcraft] Unzipping C:\Users\PC\Disk Google\SW Projekty\Minecraft server\NEW\ESPCraft\Spigot-1.13.2-#80\scriptcraft\plugins\examples\example-7-hello-events.js (NE)
[16:46:57] [Server thread/INFO]: [scriptcraft] Unzipping C:\Users\PC\Disk Google\SW Projekty\Minecraft server\NEW\ESPCraft\Spigot-1.13.2-#80\scriptcraft\plugins\homes\homes.js (NE)
[16:46:57] [Server thread/INFO]: [scriptcraft] Unzipping C:\Users\PC\Disk Google\SW Projekty\Minecraft server\NEW\ESPCraft\Spigot-1.13.2-#80\scriptcraft\plugins\minigames\NumberGuess.js (NE)
[16:46:57] [Server thread/INFO]: [scriptcraft] Unzipping C:\Users\PC\Disk Google\SW Projekty\Minecraft server\NEW\ESPCraft\Spigot-1.13.2-#80\scriptcraft\plugins\minigames\cow-clicker.js (NE)
[16:46:57] [Server thread/INFO]: [scriptcraft] Unzipping C:\Users\PC\Disk Google\SW Projekty\Minecraft server\NEW\ESPCraft\Spigot-1.13.2-#80\scriptcraft\plugins\signs\examples.js (NE)
[16:46:57] [Server thread/INFO]: [scriptcraft] Unzipping C:\Users\PC\Disk Google\SW Projekty\Minecraft server\NEW\ESPCraft\Spigot-1.13.2-#80\scriptcraft\plugins\spawn.js (NE)
[16:46:57] [Server thread/INFO]: [scriptcraft] Unzipping C:\Users\PC\Disk Google\SW Projekty\Minecraft server\NEW\ESPCraft\Spigot-1.13.2-#80\scriptcraft\modules\at.js (NE)
[16:46:57] [Server thread/INFO]: [scriptcraft] Unzipping C:\Users\PC\Disk Google\SW Projekty\Minecraft server\NEW\ESPCraft\Spigot-1.13.2-#80\scriptcraft\modules\block-colors.js (NE)
[16:46:57] [Server thread/INFO]: [scriptcraft] Unzipping C:\Users\PC\Disk Google\SW Projekty\Minecraft server\NEW\ESPCraft\Spigot-1.13.2-#80\scriptcraft\modules\blockhelper.js (NE)
[16:46:57] [Server thread/INFO]: [scriptcraft] Unzipping C:\Users\PC\Disk Google\SW Projekty\Minecraft server\NEW\ESPCraft\Spigot-1.13.2-#80\scriptcraft\modules\blocks.js (NE)
[16:46:57] [Server thread/INFO]: [scriptcraft] Unzipping C:\Users\PC\Disk Google\SW Projekty\Minecraft server\NEW\ESPCraft\Spigot-1.13.2-#80\scriptcraft\modules\bukkit\fireworks.js (NE)
[16:46:57] [Server thread/INFO]: [scriptcraft] Unzipping C:\Users\PC\Disk Google\SW Projekty\Minecraft server\NEW\ESPCraft\Spigot-1.13.2-#80\scriptcraft\modules\bukkit\input.js (NE)
[16:46:57] [Server thread/INFO]: [scriptcraft] Unzipping C:\Users\PC\Disk Google\SW Projekty\Minecraft server\NEW\ESPCraft\Spigot-1.13.2-#80\scriptcraft\modules\bukkit\inventory.js (NE)
[16:46:57] [Server thread/INFO]: [scriptcraft] Unzipping C:\Users\PC\Disk Google\SW Projekty\Minecraft server\NEW\ESPCraft\Spigot-1.13.2-#80\scriptcraft\modules\bukkit\items.js (NE)
[16:46:57] [Server thread/INFO]: [scriptcraft] Unzipping C:\Users\PC\Disk Google\SW Projekty\Minecraft server\NEW\ESPCraft\Spigot-1.13.2-#80\scriptcraft\modules\bukkit\recipes.js (NE)
[16:46:57] [Server thread/INFO]: [scriptcraft] Unzipping C:\Users\PC\Disk Google\SW Projekty\Minecraft server\NEW\ESPCraft\Spigot-1.13.2-#80\scriptcraft\modules\bukkit\sounds.js (NE)
[16:46:57] [Server thread/INFO]: [scriptcraft] Unzipping C:\Users\PC\Disk Google\SW Projekty\Minecraft server\NEW\ESPCraft\Spigot-1.13.2-#80\scriptcraft\modules\canary\fireworks.js (NE)
[16:46:57] [Server thread/INFO]: [scriptcraft] Unzipping C:\Users\PC\Disk Google\SW Projekty\Minecraft server\NEW\ESPCraft\Spigot-1.13.2-#80\scriptcraft\modules\canary\input.js (NE)
[16:46:57] [Server thread/INFO]: [scriptcraft] Unzipping C:\Users\PC\Disk Google\SW Projekty\Minecraft server\NEW\ESPCraft\Spigot-1.13.2-#80\scriptcraft\modules\canary\inventory.js (NE)
[16:46:57] [Server thread/INFO]: [scriptcraft] Unzipping C:\Users\PC\Disk Google\SW Projekty\Minecraft server\NEW\ESPCraft\Spigot-1.13.2-#80\scriptcraft\modules\canary\items.js (NE)
[16:46:57] [Server thread/INFO]: [scriptcraft] Unzipping C:\Users\PC\Disk Google\SW Projekty\Minecraft server\NEW\ESPCraft\Spigot-1.13.2-#80\scriptcraft\modules\canary\recipes.js (NE)
[16:46:57] [Server thread/INFO]: [scriptcraft] Unzipping C:\Users\PC\Disk Google\SW Projekty\Minecraft server\NEW\ESPCraft\Spigot-1.13.2-#80\scriptcraft\modules\canary\sounds.js (NE)
[16:46:57] [Server thread/INFO]: [scriptcraft] Unzipping C:\Users\PC\Disk Google\SW Projekty\Minecraft server\NEW\ESPCraft\Spigot-1.13.2-#80\scriptcraft\modules\classroom\index.js (NE)
[16:46:57] [Server thread/INFO]: [scriptcraft] Unzipping C:\Users\PC\Disk Google\SW Projekty\Minecraft server\NEW\ESPCraft\Spigot-1.13.2-#80\scriptcraft\modules\drone\arc.js (NE)
[16:46:57] [Server thread/INFO]: [scriptcraft] Unzipping C:\Users\PC\Disk Google\SW Projekty\Minecraft server\NEW\ESPCraft\Spigot-1.13.2-#80\scriptcraft\modules\drone\bed.js (NE)
[16:46:57] [Server thread/INFO]: [scriptcraft] Unzipping C:\Users\PC\Disk Google\SW Projekty\Minecraft server\NEW\ESPCraft\Spigot-1.13.2-#80\scriptcraft\modules\drone\blocktype.js (NE)
[16:46:57] [Server thread/INFO]: [scriptcraft] Unzipping C:\Users\PC\Disk Google\SW Projekty\Minecraft server\NEW\ESPCraft\Spigot-1.13.2-#80\scriptcraft\modules\drone\copypaste.js (NE)
[16:46:57] [Server thread/INFO]: [scriptcraft] Unzipping C:\Users\PC\Disk Google\SW Projekty\Minecraft server\NEW\ESPCraft\Spigot-1.13.2-#80\scriptcraft\modules\drone\cylinders.js (NE)
[16:46:57] [Server thread/INFO]: [scriptcraft] Unzipping C:\Users\PC\Disk Google\SW Projekty\Minecraft server\NEW\ESPCraft\Spigot-1.13.2-#80\scriptcraft\modules\drone\doors.js (NE)
[16:46:57] [Server thread/INFO]: [scriptcraft] Unzipping C:\Users\PC\Disk Google\SW Projekty\Minecraft server\NEW\ESPCraft\Spigot-1.13.2-#80\scriptcraft\modules\drone\firework.js (NE)
[16:46:57] [Server thread/INFO]: [scriptcraft] Unzipping C:\Users\PC\Disk Google\SW Projekty\Minecraft server\NEW\ESPCraft\Spigot-1.13.2-#80\scriptcraft\modules\drone\garden.js (NE)
[16:46:58] [Server thread/INFO]: [scriptcraft] Unzipping C:\Users\PC\Disk Google\SW Projekty\Minecraft server\NEW\ESPCraft\Spigot-1.13.2-#80\scriptcraft\modules\drone\index.js (NE)
[16:46:58] [Server thread/INFO]: [scriptcraft] Unzipping C:\Users\PC\Disk Google\SW Projekty\Minecraft server\NEW\ESPCraft\Spigot-1.13.2-#80\scriptcraft\modules\drone\ladder.js (NE)
[16:46:58] [Server thread/INFO]: [scriptcraft] Unzipping C:\Users\PC\Disk Google\SW Projekty\Minecraft server\NEW\ESPCraft\Spigot-1.13.2-#80\scriptcraft\modules\drone\movement.js (NE)
[16:46:58] [Server thread/INFO]: [scriptcraft] Unzipping C:\Users\PC\Disk Google\SW Projekty\Minecraft server\NEW\ESPCraft\Spigot-1.13.2-#80\scriptcraft\modules\drone\prism.js (NE)
[16:46:58] [Server thread/INFO]: [scriptcraft] Unzipping C:\Users\PC\Disk Google\SW Projekty\Minecraft server\NEW\ESPCraft\Spigot-1.13.2-#80\scriptcraft\modules\drone\rand.js (NE)
[16:46:58] [Server thread/INFO]: [scriptcraft] Unzipping C:\Users\PC\Disk Google\SW Projekty\Minecraft server\NEW\ESPCraft\Spigot-1.13.2-#80\scriptcraft\modules\drone\sign.js (NE)
[16:46:58] [Server thread/INFO]: [scriptcraft] Unzipping C:\Users\PC\Disk Google\SW Projekty\Minecraft server\NEW\ESPCraft\Spigot-1.13.2-#80\scriptcraft\modules\drone\sphere.js (NE)
[16:46:58] [Server thread/INFO]: [scriptcraft] Unzipping C:\Users\PC\Disk Google\SW Projekty\Minecraft server\NEW\ESPCraft\Spigot-1.13.2-#80\scriptcraft\modules\drone\stairs.js (NE)
[16:46:58] [Server thread/INFO]: [scriptcraft] Unzipping C:\Users\PC\Disk Google\SW Projekty\Minecraft server\NEW\ESPCraft\Spigot-1.13.2-#80\scriptcraft\modules\drone\test.js (NE)
[16:46:58] [Server thread/INFO]: [scriptcraft] Unzipping C:\Users\PC\Disk Google\SW Projekty\Minecraft server\NEW\ESPCraft\Spigot-1.13.2-#80\scriptcraft\modules\drone\trees.js (NE)
[16:46:58] [Server thread/INFO]: [scriptcraft] Unzipping C:\Users\PC\Disk Google\SW Projekty\Minecraft server\NEW\ESPCraft\Spigot-1.13.2-#80\scriptcraft\modules\entities.js (NE)
[16:46:58] [Server thread/INFO]: [scriptcraft] Unzipping C:\Users\PC\Disk Google\SW Projekty\Minecraft server\NEW\ESPCraft\Spigot-1.13.2-#80\scriptcraft\modules\fireworks.js (NE)
[16:46:58] [Server thread/INFO]: [scriptcraft] Unzipping C:\Users\PC\Disk Google\SW Projekty\Minecraft server\NEW\ESPCraft\Spigot-1.13.2-#80\scriptcraft\modules\http\package.json (NE)
[16:46:58] [Server thread/INFO]: [scriptcraft] Unzipping C:\Users\PC\Disk Google\SW Projekty\Minecraft server\NEW\ESPCraft\Spigot-1.13.2-#80\scriptcraft\modules\http\request.js (NE)
[16:46:58] [Server thread/INFO]: [scriptcraft] Unzipping C:\Users\PC\Disk Google\SW Projekty\Minecraft server\NEW\ESPCraft\Spigot-1.13.2-#80\scriptcraft\modules\input.js (NE)
[16:46:58] [Server thread/INFO]: [scriptcraft] Unzipping C:\Users\PC\Disk Google\SW Projekty\Minecraft server\NEW\ESPCraft\Spigot-1.13.2-#80\scriptcraft\modules\inventory\index.js (NE)
[16:46:58] [Server thread/INFO]: [scriptcraft] Unzipping C:\Users\PC\Disk Google\SW Projekty\Minecraft server\NEW\ESPCraft\Spigot-1.13.2-#80\scriptcraft\modules\items.js (NE)
[16:46:58] [Server thread/INFO]: [scriptcraft] Unzipping C:\Users\PC\Disk Google\SW Projekty\Minecraft server\NEW\ESPCraft\Spigot-1.13.2-#80\scriptcraft\modules\lightning.js (NE)
[16:46:58] [Server thread/INFO]: [scriptcraft] Unzipping C:\Users\PC\Disk Google\SW Projekty\Minecraft server\NEW\ESPCraft\Spigot-1.13.2-#80\scriptcraft\modules\minigames\scoreboard.js (NE)
[16:46:58] [Server thread/INFO]: [scriptcraft] Unzipping C:\Users\PC\Disk Google\SW Projekty\Minecraft server\NEW\ESPCraft\Spigot-1.13.2-#80\scriptcraft\modules\recipes.js (NE)
[16:46:58] [Server thread/INFO]: [scriptcraft] Unzipping C:\Users\PC\Disk Google\SW Projekty\Minecraft server\NEW\ESPCraft\Spigot-1.13.2-#80\scriptcraft\modules\sc-mqtt.js (NE)
[16:46:58] [Server thread/INFO]: [scriptcraft] Unzipping C:\Users\PC\Disk Google\SW Projekty\Minecraft server\NEW\ESPCraft\Spigot-1.13.2-#80\scriptcraft\modules\signs\menu.js (NE)
[16:46:58] [Server thread/INFO]: [scriptcraft] Unzipping C:\Users\PC\Disk Google\SW Projekty\Minecraft server\NEW\ESPCraft\Spigot-1.13.2-#80\scriptcraft\modules\signs\package.json (NE)
[16:46:58] [Server thread/INFO]: [scriptcraft] Unzipping C:\Users\PC\Disk Google\SW Projekty\Minecraft server\NEW\ESPCraft\Spigot-1.13.2-#80\scriptcraft\modules\signs\signs.js (NE)
[16:46:58] [Server thread/INFO]: [scriptcraft] Unzipping C:\Users\PC\Disk Google\SW Projekty\Minecraft server\NEW\ESPCraft\Spigot-1.13.2-#80\scriptcraft\modules\slash.js (NE)
[16:46:58] [Server thread/INFO]: [scriptcraft] Unzipping C:\Users\PC\Disk Google\SW Projekty\Minecraft server\NEW\ESPCraft\Spigot-1.13.2-#80\scriptcraft\modules\sounds.js (NE)
[16:46:58] [Server thread/INFO]: [scriptcraft] Unzipping C:\Users\PC\Disk Google\SW Projekty\Minecraft server\NEW\ESPCraft\Spigot-1.13.2-#80\scriptcraft\modules\spawn.js (NE)
[16:46:58] [Server thread/INFO]: [scriptcraft] Unzipping C:\Users\PC\Disk Google\SW Projekty\Minecraft server\NEW\ESPCraft\Spigot-1.13.2-#80\scriptcraft\modules\teleport.js (NE)
[16:46:58] [Server thread/INFO]: [scriptcraft] Unzipping C:\Users\PC\Disk Google\SW Projekty\Minecraft server\NEW\ESPCraft\Spigot-1.13.2-#80\scriptcraft\modules\underscore.js (NE)
[16:46:58] [Server thread/INFO]: [scriptcraft] Unzipping C:\Users\PC\Disk Google\SW Projekty\Minecraft server\NEW\ESPCraft\Spigot-1.13.2-#80\scriptcraft\modules\utils\package.json (NE)
[16:46:58] [Server thread/INFO]: [scriptcraft] Unzipping C:\Users\PC\Disk Google\SW Projekty\Minecraft server\NEW\ESPCraft\Spigot-1.13.2-#80\scriptcraft\modules\utils\string-exts.js (NE)
[16:46:58] [Server thread/INFO]: [scriptcraft] Unzipping C:\Users\PC\Disk Google\SW Projekty\Minecraft server\NEW\ESPCraft\Spigot-1.13.2-#80\scriptcraft\modules\utils\utils.js (NE)
[16:47:00] [Server thread/INFO]: [scriptcraft] Unzipping C:\Users\PC\Disk Google\SW Projekty\Minecraft server\NEW\ESPCraft\Spigot-1.13.2-#80\scriptcraft\modules\watcher.js (NE)
[16:47:04] [Server thread/WARN]: [scriptcraft] cow-clicker minigame is not yet supported in CanaryMod or Bukkit
[16:47:04] [Server thread/INFO]: Server permissions file permissions.yml is empty, ignoring it
[16:47:04] [Server thread/INFO]: Done (54.921s)! For help, type "help"
[16:47:04] [Server thread/INFO]: [scriptcraft] js-patch setTimeout() test complete
[16:48:37] [Server thread/INFO]: Stopping the server
[16:48:37] [Server thread/INFO]: Stopping server
[16:48:37] [Server thread/INFO]: [scriptcraft] Disabling scriptcraft v3.3.0-2017-10-15
[16:48:37] [Server thread/INFO]: Saving players
[16:48:37] [Server thread/INFO]: Saving worlds
[16:48:37] [Server thread/INFO]: Saving chunks for level 'world_the_end'/minecraft:the_end
[16:48:37] [Server thread/INFO]: Saving chunks for level 'world'/minecraft:overworld
