[00:02:05] [main/INFO]: Loaded 0 recipes
[00:02:05] [Server thread/INFO]: Starting minecraft server version 1.13.2
[00:02:05] [Server thread/INFO]: Loading properties
[00:02:05] [Server thread/INFO]: Default game type: CREATIVE
[00:02:06] [Server thread/INFO]: This server is running CraftBukkit version git-Spigot-518206a-a5b9c7b (MC: 1.13.2) (Implementing API version 1.13.2-R0.1-SNAPSHOT)
[00:02:06] [Server thread/INFO]: Debug logging is disabled
[00:02:06] [Server thread/INFO]: Server Ping Player Sample Count: 12
[00:02:06] [Server thread/INFO]: Using 4 threads for Netty based IO
[00:02:07] [Server thread/INFO]: Generating keypair
[00:02:07] [Server thread/INFO]: Starting Minecraft server on *:25565
[00:02:07] [Server thread/INFO]: Using default channel type
[00:02:13] [Server thread/INFO]: [scriptcraft] Loading scriptcraft v3.4.0-2019-01-20
[00:02:13] [Server thread/WARN]: **** SERVER IS RUNNING IN OFFLINE/INSECURE MODE!
[00:02:13] [Server thread/WARN]: The server will make no attempt to authenticate usernames. Beware.
[00:02:13] [Server thread/WARN]: While this makes the game possible to play without internet access, it also opens up the ability for hackers to connect with any username they choose.
[00:02:13] [Server thread/WARN]: To change this, set "online-mode" to "true" in the server.properties file.
[00:02:13] [Server thread/INFO]: **** Beginning UUID conversion, this may take A LONG time ****
[00:02:13] [Server thread/INFO]: Preparing level "world"
[00:02:13] [Server thread/INFO]: Reloading ResourceManager: Default, bukkit
[00:02:15] [Server thread/INFO]: Loaded 524 recipes
[00:02:18] [Server thread/INFO]: -------- World Settings For [world] --------
[00:02:18] [Server thread/INFO]: Allow Zombie Pigmen to spawn from portal blocks: true
[00:02:18] [Server thread/INFO]: Item Merge Radius: 2.5
[00:02:18] [Server thread/INFO]: Item Despawn Rate: 6000
[00:02:18] [Server thread/INFO]: Arrow Despawn Rate: 1200
[00:02:18] [Server thread/INFO]: View Distance: 10
[00:02:18] [Server thread/INFO]: Zombie Aggressive Towards Villager: true
[00:02:18] [Server thread/INFO]: Nerfing mobs spawned from spawners: false
[00:02:18] [Server thread/INFO]: Entity Tracking Range: Pl 48 / An 48 / Mo 48 / Mi 32 / Other 64
[00:02:18] [Server thread/INFO]: Entity Activation Range: An 32 / Mo 32 / Mi 16 / Tiv true
[00:02:18] [Server thread/INFO]: Mob Spawn Range: 6
[00:02:18] [Server thread/INFO]: Cactus Growth Modifier: 100%
[00:02:18] [Server thread/INFO]: Cane Growth Modifier: 100%
[00:02:18] [Server thread/INFO]: Melon Growth Modifier: 100%
[00:02:18] [Server thread/INFO]: Mushroom Growth Modifier: 100%
[00:02:18] [Server thread/INFO]: Pumpkin Growth Modifier: 100%
[00:02:18] [Server thread/INFO]: Sapling Growth Modifier: 100%
[00:02:18] [Server thread/INFO]: Beetroot Growth Modifier: 100%
[00:02:18] [Server thread/INFO]: Carrot Growth Modifier: 100%
[00:02:18] [Server thread/INFO]: Potato Growth Modifier: 100%
[00:02:18] [Server thread/INFO]: Wheat Growth Modifier: 100%
[00:02:18] [Server thread/INFO]: NetherWart Growth Modifier: 100%
[00:02:18] [Server thread/INFO]: Vine Growth Modifier: 100%
[00:02:18] [Server thread/INFO]: Cocoa Growth Modifier: 100%
[00:02:18] [Server thread/INFO]: Max TNT Explosions: 100
[00:02:18] [Server thread/INFO]: Random Lighting Updates: false
[00:02:18] [Server thread/INFO]: Tile Max Tick Time: 50ms Entity max Tick Time: 50ms
[00:02:18] [Server thread/INFO]: Custom Map Seeds:  Village: 10387312 Desert: 14357617 Igloo: 14357618 Jungle: 14357619 Swamp: 14357620 Monument: 10387313Ocean: 14357621 Shipwreck: 165745295 Slime: 987234911
[00:02:18] [Server thread/INFO]: Experience Merge Radius: 3.0
[00:02:18] [Server thread/INFO]: Hopper Transfer: 8 Hopper Check: 1 Hopper Amount: 1
[00:02:18] [Server thread/INFO]: -------- World Settings For [world_the_end] --------
[00:02:18] [Server thread/INFO]: Allow Zombie Pigmen to spawn from portal blocks: true
[00:02:18] [Server thread/INFO]: Item Merge Radius: 2.5
[00:02:18] [Server thread/INFO]: Item Despawn Rate: 6000
[00:02:18] [Server thread/INFO]: Arrow Despawn Rate: 1200
[00:02:18] [Server thread/INFO]: View Distance: 10
[00:02:18] [Server thread/INFO]: Zombie Aggressive Towards Villager: true
[00:02:18] [Server thread/INFO]: Nerfing mobs spawned from spawners: false
[00:02:18] [Server thread/INFO]: Entity Tracking Range: Pl 48 / An 48 / Mo 48 / Mi 32 / Other 64
[00:02:18] [Server thread/INFO]: Entity Activation Range: An 32 / Mo 32 / Mi 16 / Tiv true
[00:02:18] [Server thread/INFO]: Mob Spawn Range: 6
[00:02:18] [Server thread/INFO]: Cactus Growth Modifier: 100%
[00:02:18] [Server thread/INFO]: Cane Growth Modifier: 100%
[00:02:18] [Server thread/INFO]: Melon Growth Modifier: 100%
[00:02:18] [Server thread/INFO]: Mushroom Growth Modifier: 100%
[00:02:18] [Server thread/INFO]: Pumpkin Growth Modifier: 100%
[00:02:18] [Server thread/INFO]: Sapling Growth Modifier: 100%
[00:02:18] [Server thread/INFO]: Beetroot Growth Modifier: 100%
[00:02:18] [Server thread/INFO]: Carrot Growth Modifier: 100%
[00:02:18] [Server thread/INFO]: Potato Growth Modifier: 100%
[00:02:18] [Server thread/INFO]: Wheat Growth Modifier: 100%
[00:02:18] [Server thread/INFO]: NetherWart Growth Modifier: 100%
[00:02:18] [Server thread/INFO]: Vine Growth Modifier: 100%
[00:02:18] [Server thread/INFO]: Cocoa Growth Modifier: 100%
[00:02:18] [Server thread/INFO]: Max TNT Explosions: 100
[00:02:18] [Server thread/INFO]: Random Lighting Updates: false
[00:02:18] [Server thread/INFO]: Tile Max Tick Time: 50ms Entity max Tick Time: 50ms
[00:02:18] [Server thread/INFO]: Custom Map Seeds:  Village: 10387312 Desert: 14357617 Igloo: 14357618 Jungle: 14357619 Swamp: 14357620 Monument: 10387313Ocean: 14357621 Shipwreck: 165745295 Slime: 987234911
[00:02:18] [Server thread/INFO]: Experience Merge Radius: 3.0
[00:02:18] [Server thread/INFO]: Hopper Transfer: 8 Hopper Check: 1 Hopper Amount: 1
[00:02:18] [Server thread/INFO]: Preparing start region for level minecraft:overworld (Seed: 2120424392103749690)
[00:02:28] [User Authenticator #1/INFO]: UUID of player ReFlex_CZ is 9f664c1b-e59d-3d67-838e-dcdc1e6fe4cb
[00:02:34] [Server thread/INFO]: Preparing spawn area: 4%
[00:02:34] [Server thread/INFO]: Preparing spawn area: 8%
[00:02:35] [Server thread/INFO]: Preparing spawn area: 12%
[00:02:36] [Server thread/INFO]: Preparing spawn area: 16%
[00:02:37] [Server thread/INFO]: Preparing spawn area: 20%
[00:02:37] [Server thread/INFO]: Preparing spawn area: 24%
[00:02:37] [Server thread/INFO]: Preparing spawn area: 28%
[00:02:38] [Server thread/INFO]: Preparing spawn area: 32%
[00:02:38] [Server thread/INFO]: Preparing spawn area: 36%
[00:02:38] [Server thread/INFO]: Preparing spawn area: 40%
[00:02:39] [Server thread/INFO]: Preparing spawn area: 44%
[00:02:39] [Server thread/INFO]: Preparing spawn area: 48%
[00:02:39] [Server thread/INFO]: Preparing spawn area: 52%
[00:02:39] [Server thread/INFO]: Preparing spawn area: 56%
[00:02:40] [Server thread/INFO]: Preparing spawn area: 60%
[00:02:40] [Server thread/INFO]: Preparing spawn area: 64%
[00:02:40] [Server thread/INFO]: Preparing spawn area: 68%
[00:02:41] [Server thread/INFO]: Preparing spawn area: 72%
[00:02:41] [Server thread/INFO]: Preparing spawn area: 76%
[00:02:41] [Server thread/INFO]: Preparing spawn area: 80%
[00:02:41] [Server thread/INFO]: Preparing spawn area: 84%
[00:02:42] [Server thread/INFO]: Preparing spawn area: 88%
[00:02:42] [Server thread/INFO]: Preparing spawn area: 92%
[00:02:42] [Server thread/INFO]: Preparing spawn area: 96%
[00:02:42] [Server thread/INFO]: Preparing spawn area: 100%
[00:02:42] [Server thread/INFO]: Preparing start region for level minecraft:the_end (Seed: 2120424392103749690)
[00:02:42] [Server thread/INFO]: Preparing spawn area: 4%
[00:02:43] [Server thread/INFO]: Preparing spawn area: 8%
[00:02:43] [Server thread/INFO]: Preparing spawn area: 12%
[00:02:43] [Server thread/INFO]: Preparing spawn area: 16%
[00:02:43] [Server thread/INFO]: Preparing spawn area: 20%
[00:02:43] [Server thread/INFO]: Preparing spawn area: 24%
[00:02:43] [Server thread/INFO]: Preparing spawn area: 28%
[00:02:43] [Server thread/INFO]: Preparing spawn area: 32%
[00:02:43] [Server thread/INFO]: Preparing spawn area: 36%
[00:02:43] [Server thread/INFO]: Preparing spawn area: 40%
[00:02:43] [Server thread/INFO]: Preparing spawn area: 44%
[00:02:43] [Server thread/INFO]: Preparing spawn area: 48%
[00:02:43] [Server thread/INFO]: Preparing spawn area: 52%
[00:02:43] [Server thread/INFO]: Preparing spawn area: 56%
[00:02:43] [Server thread/INFO]: Preparing spawn area: 60%
[00:02:43] [Server thread/INFO]: Preparing spawn area: 64%
[00:02:43] [Server thread/INFO]: Preparing spawn area: 68%
[00:02:43] [Server thread/INFO]: Preparing spawn area: 72%
[00:02:43] [Server thread/INFO]: Preparing spawn area: 76%
[00:02:43] [Server thread/INFO]: Preparing spawn area: 80%
[00:02:43] [Server thread/INFO]: Preparing spawn area: 84%
[00:02:43] [Server thread/INFO]: Preparing spawn area: 88%
[00:02:43] [Server thread/INFO]: Preparing spawn area: 92%
[00:02:43] [Server thread/INFO]: Preparing spawn area: 96%
[00:02:43] [Server thread/INFO]: Preparing spawn area: 100%
[00:02:43] [Server thread/INFO]: Time elapsed: 25065 ms
[00:02:43] [Server thread/INFO]: [scriptcraft] Enabling scriptcraft v3.4.0-2019-01-20
[00:02:45] [Server thread/INFO]: [scriptcraft] Drone using CraftEvil.setTypeIdAndData method
[00:02:46] [Server thread/WARN]: [scriptcraft] cow-clicker minigame is not yet supported in CanaryMod or Bukkit
[00:02:55] [Server thread/INFO]: Server permissions file permissions.yml is empty, ignoring it
[00:02:55] [Server thread/INFO]: Done (42.262s)! For help, type "help"
[00:02:55] [Server thread/INFO]: [scriptcraft] js-patch setTimeout() test complete
[00:02:56] [Server thread/INFO]: ReFlex_CZ[/127.0.0.1:50433] logged in with entity id 73 at ([world]22.1328156318455, 64.0, -27.457691542429615)
[00:02:58] [Server thread/INFO]: ReFlex_CZ lost connection: Timed out
[00:02:58] [Server thread/INFO]: ReFlex_CZ left the game
[00:03:03] [User Authenticator #2/INFO]: UUID of player ReFlex_CZ is 9f664c1b-e59d-3d67-838e-dcdc1e6fe4cb
[00:03:06] [Server thread/INFO]: ReFlex_CZ[/127.0.0.1:50442] logged in with entity id 89 at ([world]22.1328156318455, 64.0, -27.457691542429615)
[00:03:08] [Server thread/INFO]: [scriptcraft] SENDING: Topic: nvias/MC/ReFlex_CZ/M1/D1; Msg: 0
[00:03:08] [MQTT Call: player_2891552172566349/INFO]: [scriptcraft] deliveryComplete:org.eclipse.paho.client.mqttv3.MqttDeliveryToken@1bd8cb0
[00:03:09] [Server thread/INFO]: [scriptcraft] SENDING: Topic: nvias/MC/ReFlex_CZ/M1/D1; Msg: 1
[00:03:09] [MQTT Call: player_2891552172566349/INFO]: [scriptcraft] deliveryComplete:org.eclipse.paho.client.mqttv3.MqttDeliveryToken@e33d62
[00:03:10] [Server thread/INFO]: [scriptcraft] SENDING: Topic: nvias/MC/ReFlex_CZ/M1/D1; Msg: 0
[00:03:10] [MQTT Call: player_2891552172566349/INFO]: [scriptcraft] deliveryComplete:org.eclipse.paho.client.mqttv3.MqttDeliveryToken@3e9bcc
[00:03:12] [Server thread/INFO]: [scriptcraft] Topic: nvias/MC/ReFlex_CZ/M1/D1
[00:03:12] [Server thread/INFO]: Could not set the block
[00:03:13] [Server thread/INFO]: [scriptcraft] Topic: nvias/MC/ReFlex_CZ/M1/D1
[00:03:13] [Server thread/INFO]: Could not set the block
[00:03:14] [Server thread/INFO]: [scriptcraft] Topic: nvias/MC/ReFlex_CZ/M1/D1
[00:03:14] [Server thread/INFO]: [scriptcraft] Subscribing to: nvias/MC/ReFlex_CZ/M1/D1
[00:03:15] [Server thread/INFO]: [scriptcraft] SENDING: Topic: nvias/MC/ReFlex_CZ/M1/D1; Msg: 1
[00:03:15] [MQTT Call: player_2891552172566349/INFO]: [scriptcraft] deliveryComplete:org.eclipse.paho.client.mqttv3.MqttDeliveryToken@855574
[00:03:15] [MQTT Call: player_2891552172566349/INFO]: [scriptcraft] # MQTT MSG: nvias/MC/ReFlex_CZ/M1/D1:1#
[00:03:16] [Server thread/INFO]: [scriptcraft] SENDING: Topic: nvias/MC/ReFlex_CZ/M1/D1; Msg: 0
[00:03:16] [MQTT Call: player_2891552172566349/INFO]: [scriptcraft] deliveryComplete:org.eclipse.paho.client.mqttv3.MqttDeliveryToken@5ba801
[00:03:16] [MQTT Call: player_2891552172566349/INFO]: [scriptcraft] # MQTT MSG: nvias/MC/ReFlex_CZ/M1/D1:0#
[00:05:12] [Server thread/INFO]: [scriptcraft] Topic: nvias/MC/ReFlex_CZ/M1/D1
[00:05:12] [Server thread/INFO]: Could not set the block
[00:05:40] [MQTT Call: player_2891552172566349/INFO]: [scriptcraft] # MQTT MSG: nvias/MC/ReFlex_CZ/M1/D1:1#
[00:05:42] [MQTT Call: player_2891552172566349/INFO]: [scriptcraft] # MQTT MSG: nvias/MC/ReFlex_CZ/M1/D1:0#
[00:05:44] [MQTT Call: player_2891552172566349/INFO]: [scriptcraft] # MQTT MSG: nvias/MC/ReFlex_CZ/M1/D1:1#
[00:05:47] [MQTT Call: player_2891552172566349/INFO]: [scriptcraft] # MQTT MSG: nvias/MC/ReFlex_CZ/M1/D1:0#
[00:05:49] [MQTT Call: player_2891552172566349/INFO]: [scriptcraft] # MQTT MSG: nvias/MC/ReFlex_CZ/M1/D1:1#
[00:05:52] [MQTT Call: player_2891552172566349/INFO]: [scriptcraft] # MQTT MSG: nvias/MC/ReFlex_CZ/M1/D1:0#
[00:05:54] [MQTT Call: player_2891552172566349/INFO]: [scriptcraft] # MQTT MSG: nvias/MC/ReFlex_CZ/M1/D1:1#
[00:05:56] [MQTT Call: player_2891552172566349/INFO]: [scriptcraft] # MQTT MSG: nvias/MC/ReFlex_CZ/M1/D1:0#
[00:05:58] [MQTT Call: player_2891552172566349/INFO]: [scriptcraft] # MQTT MSG: nvias/MC/ReFlex_CZ/M1/D1:1#
[00:06:03] [MQTT Call: player_2891552172566349/INFO]: [scriptcraft] # MQTT MSG: nvias/MC/ReFlex_CZ/M1/D1:0#
[00:06:06] [MQTT Call: player_2891552172566349/INFO]: [scriptcraft] # MQTT MSG: nvias/MC/ReFlex_CZ/M1/D1:1#
[00:07:40] [MQTT Call: player_2891552172566349/INFO]: [scriptcraft] # MQTT MSG: nvias/MC/ReFlex_CZ/M1/D1:0#
[00:12:18] [Server thread/INFO]: [scriptcraft] Topic: nvias/MC/ReFlex_CZ/M1/D1
[00:12:19] [Server thread/INFO]: Changed the block at 15, 63, -28
[00:12:21] [Server thread/INFO]: [scriptcraft] Topic: nvias/MC/ReFlex_CZ/M1/D1
[00:12:21] [Server thread/INFO]: Changed the block at 15, 63, -26
[00:13:13] [Server thread/INFO]: [scriptcraft] SENDING: Topic: nvias/MC/ReFlex_CZ/M1/D1; Msg: 1
[00:13:13] [MQTT Call: player_2891552172566349/INFO]: [scriptcraft] deliveryComplete:org.eclipse.paho.client.mqttv3.MqttDeliveryToken@1f39ba1
[00:13:13] [MQTT Call: player_2891552172566349/INFO]: [scriptcraft] # MQTT MSG: nvias/MC/ReFlex_CZ/M1/D1:1#
[00:13:13] [Server thread/INFO]: [scriptcraft] SENDING: Topic: nvias/MC/ReFlex_CZ/M1/D1; Msg: 0
[00:13:13] [MQTT Call: player_2891552172566349/INFO]: [scriptcraft] deliveryComplete:org.eclipse.paho.client.mqttv3.MqttDeliveryToken@1888d13
[00:13:13] [MQTT Call: player_2891552172566349/INFO]: [scriptcraft] # MQTT MSG: nvias/MC/ReFlex_CZ/M1/D1:0#
[00:13:15] [Server thread/INFO]: [scriptcraft] SENDING: Topic: nvias/MC/ReFlex_CZ/M1/D1; Msg: 0
[00:13:15] [MQTT Call: player_2891552172566349/INFO]: [scriptcraft] deliveryComplete:org.eclipse.paho.client.mqttv3.MqttDeliveryToken@4ec139
[00:13:15] [MQTT Call: player_2891552172566349/INFO]: [scriptcraft] # MQTT MSG: nvias/MC/ReFlex_CZ/M1/D1:0#
[00:13:16] [Server thread/INFO]: [scriptcraft] SENDING: Topic: nvias/MC/ReFlex_CZ/M1/D1; Msg: 1
[00:13:16] [MQTT Call: player_2891552172566349/INFO]: [scriptcraft] deliveryComplete:org.eclipse.paho.client.mqttv3.MqttDeliveryToken@1973bbc
[00:13:16] [MQTT Call: player_2891552172566349/INFO]: [scriptcraft] # MQTT MSG: nvias/MC/ReFlex_CZ/M1/D1:1#
[00:13:17] [Server thread/INFO]: [scriptcraft] SENDING: Topic: nvias/MC/ReFlex_CZ/M1/D1; Msg: 0
[00:13:17] [MQTT Call: player_2891552172566349/INFO]: [scriptcraft] deliveryComplete:org.eclipse.paho.client.mqttv3.MqttDeliveryToken@a5c8fd
[00:13:17] [MQTT Call: player_2891552172566349/INFO]: [scriptcraft] # MQTT MSG: nvias/MC/ReFlex_CZ/M1/D1:0#
[00:13:18] [Server thread/INFO]: [scriptcraft] SENDING: Topic: nvias/MC/ReFlex_CZ/M1/D1; Msg: 1
[00:13:18] [MQTT Call: player_2891552172566349/INFO]: [scriptcraft] deliveryComplete:org.eclipse.paho.client.mqttv3.MqttDeliveryToken@1c90aa5
[00:13:18] [MQTT Call: player_2891552172566349/INFO]: [scriptcraft] # MQTT MSG: nvias/MC/ReFlex_CZ/M1/D1:1#
[00:15:04] [Server thread/INFO]: ReFlex_CZ issued server command: /js refresh()
[00:15:04] [Server thread/INFO]: [scriptcraft] Trying to refresh()..
[00:15:04] [Server thread/INFO]: [scriptcraft] Disabling scriptcraft v3.4.0-2019-01-20
[00:15:04] [Server thread/INFO]: [scriptcraft] Enabling scriptcraft v3.4.0-2019-01-20
[00:15:04] [Server thread/WARN]: Enabled plugin with unregistered PluginClassLoader scriptcraft v3.4.0-2019-01-20
[00:15:05] [Server thread/INFO]: [scriptcraft] Drone using CraftEvil.setTypeIdAndData method
[00:15:06] [Server thread/WARN]: [scriptcraft] cow-clicker minigame is not yet supported in CanaryMod or Bukkit
[00:15:06] [Server thread/INFO]: [scriptcraft] js-patch setTimeout() test complete
[00:15:20] [Server thread/INFO]: [scriptcraft] Topic: nvias/MC/ReFlex_CZ/M1/D1
[00:15:20] [Server thread/INFO]: Changed the block at 15, 63, -26
[00:15:21] [Server thread/INFO]: [scriptcraft] Topic: nvias/MC/ReFlex_CZ/M1/D1
[00:15:21] [Server thread/INFO]: Changed the block at 15, 63, -28
[00:15:22] [Server thread/INFO]: [scriptcraft] Topic: nvias/MC/ReFlex_CZ/M1/D1
[00:15:22] [Server thread/INFO]: [scriptcraft] Subscribing to: nvias/MC/ReFlex_CZ/M1/D1
[00:15:26] [Server thread/INFO]: [scriptcraft] SENDING: Topic: nvias/MC/ReFlex_CZ/M1/D1; Msg: 1
[00:15:26] [MQTT Call: player_2891552172566349/INFO]: [scriptcraft] # MQTT MSG: nvias/MC/ReFlex_CZ/M1/D1:1#
[00:15:26] [MQTT Call: player_1451552173306675/INFO]: [scriptcraft] deliveryComplete:org.eclipse.paho.client.mqttv3.MqttDeliveryToken@1b7034
[00:15:26] [MQTT Call: player_1451552173306675/INFO]: [scriptcraft] # MQTT MSG: nvias/MC/ReFlex_CZ/M1/D1:1#
[00:15:26] [Server thread/INFO]: [scriptcraft] SENDING: Topic: nvias/MC/ReFlex_CZ/M1/D1; Msg: 0
[00:15:26] [MQTT Call: player_1451552173306675/INFO]: [scriptcraft] deliveryComplete:org.eclipse.paho.client.mqttv3.MqttDeliveryToken@1c8a14b
[00:15:26] [MQTT Call: player_1451552173306675/INFO]: [scriptcraft] # MQTT MSG: nvias/MC/ReFlex_CZ/M1/D1:0#
[00:15:26] [MQTT Call: player_2891552172566349/INFO]: [scriptcraft] # MQTT MSG: nvias/MC/ReFlex_CZ/M1/D1:0#
[00:15:26] [Server thread/INFO]: [scriptcraft] SENDING: Topic: nvias/MC/ReFlex_CZ/M1/D1; Msg: 1
[00:15:26] [MQTT Call: player_1451552173306675/INFO]: [scriptcraft] # MQTT MSG: nvias/MC/ReFlex_CZ/M1/D1:1#
[00:15:26] [MQTT Call: player_2891552172566349/INFO]: [scriptcraft] # MQTT MSG: nvias/MC/ReFlex_CZ/M1/D1:1#
[00:15:26] [MQTT Call: player_1451552173306675/INFO]: [scriptcraft] deliveryComplete:org.eclipse.paho.client.mqttv3.MqttDeliveryToken@fa9fa0
[00:15:45] [Server thread/INFO]: [scriptcraft] SENDING: Topic: nvias/MC/ReFlex_CZ/M1/D1; Msg: 0
[00:15:45] [MQTT Call: player_1451552173306675/INFO]: [scriptcraft] deliveryComplete:org.eclipse.paho.client.mqttv3.MqttDeliveryToken@189e80e
[00:15:45] [MQTT Call: player_1451552173306675/INFO]: [scriptcraft] # MQTT MSG: nvias/MC/ReFlex_CZ/M1/D1:0#
[00:15:45] [MQTT Call: player_2891552172566349/INFO]: [scriptcraft] # MQTT MSG: nvias/MC/ReFlex_CZ/M1/D1:0#
[00:15:46] [Server thread/INFO]: [scriptcraft] SENDING: Topic: nvias/MC/ReFlex_CZ/M1/D1; Msg: 1
[00:15:46] [MQTT Call: player_1451552173306675/INFO]: [scriptcraft] # MQTT MSG: nvias/MC/ReFlex_CZ/M1/D1:1#
[00:15:46] [MQTT Call: player_2891552172566349/INFO]: [scriptcraft] # MQTT MSG: nvias/MC/ReFlex_CZ/M1/D1:1#
[00:15:46] [MQTT Call: player_1451552173306675/INFO]: [scriptcraft] deliveryComplete:org.eclipse.paho.client.mqttv3.MqttDeliveryToken@4d8091
[00:29:07] [Server thread/INFO]: ReFlex_CZ issued server command: /js refresh
[00:29:09] [Server thread/INFO]: ReFlex_CZ issued server command: /js refresh()
[00:29:09] [Server thread/INFO]: [scriptcraft] Trying to refresh()..
[00:29:09] [Server thread/INFO]: [scriptcraft] Disabling scriptcraft v3.4.0-2019-01-20
[00:29:09] [Server thread/INFO]: [scriptcraft] Enabling scriptcraft v3.4.0-2019-01-20
[00:29:09] [Server thread/WARN]: Enabled plugin with unregistered PluginClassLoader scriptcraft v3.4.0-2019-01-20
[00:29:10] [Server thread/INFO]: [scriptcraft] Drone using CraftEvil.setTypeIdAndData method
[00:29:11] [Server thread/WARN]: [scriptcraft] cow-clicker minigame is not yet supported in CanaryMod or Bukkit
[00:29:11] [Server thread/INFO]: [scriptcraft] js-patch setTimeout() test complete
[00:29:12] [Server thread/INFO]: [scriptcraft] Topic: nvias/MC/ReFlex_CZ/M1/D1
[00:29:12] [Server thread/INFO]: Changed the block at 15, 63, -26
[00:29:12] [Server thread/INFO]: Changed the block at 15, 63, -26
[00:29:49] [Server thread/INFO]: ReFlex_CZ lost connection: Disconnected
[00:29:50] [Server thread/INFO]: ReFlex_CZ left the game
[08:42:58] [Server thread/INFO]: Stopping the server
[08:42:58] [Server thread/INFO]: Stopping server
[08:42:58] [Server thread/INFO]: [scriptcraft] Disabling scriptcraft v3.4.0-2019-01-20
[08:42:58] [Server thread/INFO]: Saving players
[08:42:58] [Server thread/INFO]: Saving worlds
[08:42:58] [Server thread/INFO]: Saving chunks for level 'world'/minecraft:overworld
[08:42:58] [Server thread/INFO]: Saving chunks for level 'world_the_end'/minecraft:the_end
